2025-12-30 01:43:21,065 - INFO - Found 1 config file(s)
2025-12-30 01:43:21,065 - INFO - 
======================================================================
2025-12-30 01:43:21,065 - INFO - Processing config file: stuix.toml
2025-12-30 01:43:21,066 - INFO - ======================================================================
2025-12-30 01:43:21,066 - INFO - Found 10 enabled section(s)
2025-12-30 01:43:21,066 - INFO - 
Processing: DOWNSTREAM_PREFIX_AS215172
2025-12-30 01:43:21,066 - INFO -   AS Number: AS-JHL
2025-12-30 01:43:21,066 - INFO -   IPv6: True
2025-12-30 01:43:21,066 - INFO - Executing command: bgpq4 -6 -b -l define DOWNSTREAM_PREFIX_AS215172 AS-JHL
2025-12-30 01:43:21,583 - INFO - Saved to: /__w/BGP-Auto/BGP-Auto/output/stuix/filters/DOWNSTREAM_PREFIX_AS215172.conf
2025-12-30 01:43:21,583 - INFO - 
Processing: DOWNSTREAM_PREFIX_AS215172_IPV4
2025-12-30 01:43:21,583 - INFO -   AS Number: AS-JHL
2025-12-30 01:43:21,583 - INFO -   IPv6: False
2025-12-30 01:43:21,583 - INFO - Executing command: bgpq4 -b -l define DOWNSTREAM_PREFIX_AS215172_IPV4 AS-JHL
2025-12-30 01:43:21,876 - INFO - Saved to: /__w/BGP-Auto/BGP-Auto/output/stuix/filters/DOWNSTREAM_PREFIX_AS215172_IPV4.conf
2025-12-30 01:43:21,876 - INFO - 
Processing: DOWNSTREAM_PREFIX_AS211729
2025-12-30 01:43:21,876 - INFO -   AS Number: AS211729
2025-12-30 01:43:21,876 - INFO -   IPv6: True
2025-12-30 01:43:21,876 - INFO - Executing command: bgpq4 -6 -b -l define DOWNSTREAM_PREFIX_AS211729 AS211729
2025-12-30 01:43:22,133 - INFO - Saved to: /__w/BGP-Auto/BGP-Auto/output/stuix/filters/DOWNSTREAM_PREFIX_AS211729.conf
2025-12-30 01:43:22,133 - INFO - 
Processing: DOWNSTREAM_PREFIX_AS12198
2025-12-30 01:43:22,133 - INFO -   AS Number: AS-JSMSR
2025-12-30 01:43:22,133 - INFO -   IPv6: True
2025-12-30 01:43:22,133 - INFO - Executing command: bgpq4 -6 -b -l define DOWNSTREAM_PREFIX_AS12198 AS-JSMSR
2025-12-30 01:43:22,425 - INFO - Saved to: /__w/BGP-Auto/BGP-Auto/output/stuix/filters/DOWNSTREAM_PREFIX_AS12198.conf
2025-12-30 01:43:22,425 - INFO - 
Processing: DOWNSTREAM_PREFIX_AS210352
2025-12-30 01:43:22,425 - INFO -   AS Number: AS210352
2025-12-30 01:43:22,425 - INFO -   IPv6: True
2025-12-30 01:43:22,425 - INFO - Executing command: bgpq4 -6 -b -l define DOWNSTREAM_PREFIX_AS210352 AS210352
2025-12-30 01:43:22,680 - INFO - Saved to: /__w/BGP-Auto/BGP-Auto/output/stuix/filters/DOWNSTREAM_PREFIX_AS210352.conf
2025-12-30 01:43:22,680 - INFO - 
Processing: DOWNSTREAM_PREFIX_AS204539_IPV4
2025-12-30 01:43:22,680 - INFO -   AS Number: AS-AXIC
2025-12-30 01:43:22,680 - INFO -   IPv6: False
2025-12-30 01:43:22,680 - INFO - Executing command: bgpq4 -b -l define DOWNSTREAM_PREFIX_AS204539_IPV4 AS-AXIC
2025-12-30 01:43:22,975 - INFO - Saved to: /__w/BGP-Auto/BGP-Auto/output/stuix/filters/DOWNSTREAM_PREFIX_AS204539_IPV4.conf
2025-12-30 01:43:22,975 - INFO - 
Processing: DOWNSTREAM_PREFIX_AS204539_IPV46
2025-12-30 01:43:22,975 - INFO -   AS Number: AS-AXIC
2025-12-30 01:43:22,975 - INFO -   IPv6: True
2025-12-30 01:43:22,975 - INFO - Executing command: bgpq4 -6 -b -l define DOWNSTREAM_PREFIX_AS204539_IPV46 AS-AXIC
2025-12-30 01:43:23,268 - INFO - Saved to: /__w/BGP-Auto/BGP-Auto/output/stuix/filters/DOWNSTREAM_PREFIX_AS204539_IPV46.conf
2025-12-30 01:43:23,268 - INFO - 
Processing: DOWNSTREAM_PREFIX_AS140915
2025-12-30 01:43:23,268 - INFO -   AS Number: AS140915:AS-MKNT
2025-12-30 01:43:23,268 - INFO -   IPv6: True
2025-12-30 01:43:23,268 - INFO - Executing command: bgpq4 -6 -b -l define DOWNSTREAM_PREFIX_AS140915 AS140915:AS-MKNT
2025-12-30 01:43:23,599 - INFO - Saved to: /__w/BGP-Auto/BGP-Auto/output/stuix/filters/DOWNSTREAM_PREFIX_AS140915.conf
2025-12-30 01:43:23,599 - INFO - 
Processing: DOWNSTREAM_PREFIX_AS216299
2025-12-30 01:43:23,599 - INFO -   AS Number: AS216299
2025-12-30 01:43:23,599 - INFO -   IPv6: True
2025-12-30 01:43:23,599 - INFO - Executing command: bgpq4 -6 -b -l define DOWNSTREAM_PREFIX_AS216299 AS216299
2025-12-30 01:43:23,857 - INFO - Saved to: /__w/BGP-Auto/BGP-Auto/output/stuix/filters/DOWNSTREAM_PREFIX_AS216299.conf
2025-12-30 01:43:23,857 - INFO - 
Processing: DOWNSTREAM_PREFIX_AS154185
2025-12-30 01:43:23,857 - INFO -   AS Number: AS154185
2025-12-30 01:43:23,857 - INFO -   IPv6: True
2025-12-30 01:43:23,857 - INFO - Executing command: bgpq4 -6 -b -l define DOWNSTREAM_PREFIX_AS154185 AS154185
2025-12-30 01:43:24,114 - INFO - Saved to: /__w/BGP-Auto/BGP-Auto/output/stuix/filters/DOWNSTREAM_PREFIX_AS154185.conf
2025-12-30 01:43:24,114 - INFO - 
Merging 10 file(s)...
2025-12-30 01:43:24,115 - INFO - Merged to: /__w/BGP-Auto/BGP-Auto/output/stuix/filtersprefix.conf
2025-12-30 01:43:24,115 - INFO - ✓ Config file stuix.toml processed successfully
2025-12-30 01:43:24,115 - INFO - 
Generating HTML report...
2025-12-30 01:43:24,117 - INFO - HTML detail page saved to: /__w/BGP-Auto/BGP-Auto/html/stuix_detail.html
2025-12-30 01:43:24,117 - INFO - 
Generating route change diffs...
2025-12-30 01:43:24,120 - WARNING - Failed to get git history for /__w/BGP-Auto/BGP-Auto/output/stuix/filters/DOWNSTREAM_PREFIX_AS215172.conf: Command '['git', 'log', '-5', '--pretty=format:%H|%ai|%an|%s', '--', 'output/stuix/filters/DOWNSTREAM_PREFIX_AS215172.conf']' returned non-zero exit status 128.
2025-12-30 01:43:24,122 - WARNING - Failed to get git history for /__w/BGP-Auto/BGP-Auto/output/stuix/filters/DOWNSTREAM_PREFIX_AS215172_IPV4.conf: Command '['git', 'log', '-5', '--pretty=format:%H|%ai|%an|%s', '--', 'output/stuix/filters/DOWNSTREAM_PREFIX_AS215172_IPV4.conf']' returned non-zero exit status 128.
2025-12-30 01:43:24,125 - WARNING - Failed to get git history for /__w/BGP-Auto/BGP-Auto/output/stuix/filters/DOWNSTREAM_PREFIX_AS211729.conf: Command '['git', 'log', '-5', '--pretty=format:%H|%ai|%an|%s', '--', 'output/stuix/filters/DOWNSTREAM_PREFIX_AS211729.conf']' returned non-zero exit status 128.
2025-12-30 01:43:24,128 - WARNING - Failed to get git history for /__w/BGP-Auto/BGP-Auto/output/stuix/filters/DOWNSTREAM_PREFIX_AS12198.conf: Command '['git', 'log', '-5', '--pretty=format:%H|%ai|%an|%s', '--', 'output/stuix/filters/DOWNSTREAM_PREFIX_AS12198.conf']' returned non-zero exit status 128.
2025-12-30 01:43:24,130 - WARNING - Failed to get git history for /__w/BGP-Auto/BGP-Auto/output/stuix/filters/DOWNSTREAM_PREFIX_AS210352.conf: Command '['git', 'log', '-5', '--pretty=format:%H|%ai|%an|%s', '--', 'output/stuix/filters/DOWNSTREAM_PREFIX_AS210352.conf']' returned non-zero exit status 128.
2025-12-30 01:43:24,133 - WARNING - Failed to get git history for /__w/BGP-Auto/BGP-Auto/output/stuix/filters/DOWNSTREAM_PREFIX_AS204539_IPV4.conf: Command '['git', 'log', '-5', '--pretty=format:%H|%ai|%an|%s', '--', 'output/stuix/filters/DOWNSTREAM_PREFIX_AS204539_IPV4.conf']' returned non-zero exit status 128.
2025-12-30 01:43:24,135 - WARNING - Failed to get git history for /__w/BGP-Auto/BGP-Auto/output/stuix/filters/DOWNSTREAM_PREFIX_AS204539_IPV46.conf: Command '['git', 'log', '-5', '--pretty=format:%H|%ai|%an|%s', '--', 'output/stuix/filters/DOWNSTREAM_PREFIX_AS204539_IPV46.conf']' returned non-zero exit status 128.
2025-12-30 01:43:24,140 - WARNING - Failed to get git history for /__w/BGP-Auto/BGP-Auto/output/stuix/filters/DOWNSTREAM_PREFIX_AS140915.conf: Command '['git', 'log', '-5', '--pretty=format:%H|%ai|%an|%s', '--', 'output/stuix/filters/DOWNSTREAM_PREFIX_AS140915.conf']' returned non-zero exit status 128.
2025-12-30 01:43:24,142 - WARNING - Failed to get git history for /__w/BGP-Auto/BGP-Auto/output/stuix/filters/DOWNSTREAM_PREFIX_AS216299.conf: Command '['git', 'log', '-5', '--pretty=format:%H|%ai|%an|%s', '--', 'output/stuix/filters/DOWNSTREAM_PREFIX_AS216299.conf']' returned non-zero exit status 128.
2025-12-30 01:43:24,145 - WARNING - Failed to get git history for /__w/BGP-Auto/BGP-Auto/output/stuix/filters/DOWNSTREAM_PREFIX_AS154185.conf: Command '['git', 'log', '-5', '--pretty=format:%H|%ai|%an|%s', '--', 'output/stuix/filters/DOWNSTREAM_PREFIX_AS154185.conf']' returned non-zero exit status 128.
2025-12-30 01:43:24,149 - WARNING - Failed to get git history for /__w/BGP-Auto/BGP-Auto/output/stuix/filtersprefix.conf: Command '['git', 'log', '-5', '--pretty=format:%H|%ai|%an|%s', '--', 'output/stuix/filtersprefix.conf']' returned non-zero exit status 128.
2025-12-30 01:43:24,149 - INFO - No git history found for stuix, skipping diff generation
2025-12-30 01:43:24,149 - INFO - 
Generating main index page...
2025-12-30 01:43:24,149 - INFO - Main index saved to: /__w/BGP-Auto/BGP-Auto/html/index.html
